<?xml version="1.0" encoding="UTF-8"?>
<robot generator="Robot 4.0 (Python 3.7.9 on win32)" generated="20210626 19:07:16.539" rpa="false" schemaversion="2">
<suite id="s1" name="LoginTest" source="C:\Users\Santhosh N\PycharmProjects\RobotFramework\TestCases(POM)\LoginTest.robot">
<test id="s1-t1" name="LoginTest">
<kw name="Open my browser" library="LoginKeywords">
<arg>${url}</arg>
<arg>${broswer}</arg>
<kw name="Open Browser" library="SeleniumLibrary">
<arg>${url}</arg>
<arg>${browser}</arg>
<doc>Opens a new browser instance to the given ``url``.</doc>
<msg timestamp="20210626 19:07:16.664" level="INFO">Opening browser 'firefox' to base url 'http://demo.guru99.com/test/newtours/'.</msg>
<status status="PASS" starttime="20210626 19:07:16.664" endtime="20210626 19:07:25.340"/>
</kw>
<kw name="Maximize Browser Window" library="SeleniumLibrary">
<doc>Maximizes current browser window.</doc>
<status status="PASS" starttime="20210626 19:07:25.340" endtime="20210626 19:07:25.342"/>
</kw>
<status status="PASS" starttime="20210626 19:07:16.664" endtime="20210626 19:07:25.342"/>
</kw>
<kw name="Enter username" library="LoginKeywords">
<arg>${user}</arg>
<kw name="Input Text" library="SeleniumLibrary">
<arg>${txt_LoginUserName}</arg>
<arg>${username}</arg>
<doc>Types the given ``text`` into text field identified by ``locator``.</doc>
<msg timestamp="20210626 19:07:25.343" level="INFO">Typing text 'tutorial' into text field 'name:userName'.</msg>
<status status="PASS" starttime="20210626 19:07:25.343" endtime="20210626 19:07:25.374"/>
</kw>
<status status="PASS" starttime="20210626 19:07:25.343" endtime="20210626 19:07:25.374"/>
</kw>
<kw name="Enter password" library="LoginKeywords">
<arg>${pwd}</arg>
<kw name="Input Text" library="SeleniumLibrary">
<arg>${txt_LoginPassword}</arg>
<arg>${password}</arg>
<doc>Types the given ``text`` into text field identified by ``locator``.</doc>
<msg timestamp="20210626 19:07:25.374" level="INFO">Typing text 'tutorial' into text field 'name:password'.</msg>
<status status="PASS" starttime="20210626 19:07:25.374" endtime="20210626 19:07:25.391"/>
</kw>
<status status="PASS" starttime="20210626 19:07:25.374" endtime="20210626 19:07:25.391"/>
</kw>
<kw name="Click submit" library="LoginKeywords">
<kw name="Click Element" library="SeleniumLibrary">
<arg>${submit}</arg>
<doc>Click element identified by ``locator``.</doc>
<msg timestamp="20210626 19:07:25.392" level="INFO">Clicking element 'xpath://input[@name='submit']'.</msg>
<status status="PASS" starttime="20210626 19:07:25.392" endtime="20210626 19:07:26.636"/>
</kw>
<status status="PASS" starttime="20210626 19:07:25.392" endtime="20210626 19:07:26.636"/>
</kw>
<kw name="Sleep" library="BuiltIn">
<arg>3</arg>
<doc>Pauses the test executed for the given time.</doc>
<msg timestamp="20210626 19:07:29.653" level="INFO">Slept 3 seconds</msg>
<status status="PASS" starttime="20210626 19:07:26.637" endtime="20210626 19:07:29.653"/>
</kw>
<kw name="Verify successful login" library="LoginKeywords">
<kw name="Title Should Be" library="SeleniumLibrary">
<arg>Login: Mercury Tours</arg>
<doc>Verifies that current page title equals ``title``.</doc>
<msg timestamp="20210626 19:07:29.653" level="INFO">Page title is 'Login: Mercury Tours'.</msg>
<status status="PASS" starttime="20210626 19:07:29.653" endtime="20210626 19:07:29.653"/>
</kw>
<status status="PASS" starttime="20210626 19:07:29.653" endtime="20210626 19:07:29.653"/>
</kw>
<kw name="Close my browsers" library="LoginKeywords">
<kw name="Close All Browsers" library="SeleniumLibrary">
<doc>Closes all open browsers and resets the browser cache.</doc>
<status status="PASS" starttime="20210626 19:07:29.653" endtime="20210626 19:07:30.143"/>
</kw>
<status status="PASS" starttime="20210626 19:07:29.653" endtime="20210626 19:07:30.143"/>
</kw>
<status status="PASS" starttime="20210626 19:07:16.664" endtime="20210626 19:07:30.144"/>
</test>
<status status="PASS" starttime="20210626 19:07:16.539" endtime="20210626 19:07:30.145"/>
</suite>
<statistics>
<total>
<stat pass="1" fail="0" skip="0">All Tests</stat>
</total>
<tag>
</tag>
<suite>
<stat pass="1" fail="0" skip="0" id="s1" name="LoginTest">LoginTest</stat>
</suite>
</statistics>
<errors>
</errors>
</robot>
