<?xml version="1.0" encoding="UTF-8"?>
<robot generator="Robot 4.0 (Python 3.7.9 on win32)" generated="20210626 17:51:05.826" rpa="false" schemaversion="2">
<suite id="s1" name="Suites">
<suite id="s1-s1" name="DDT1" source="C:\Users\Santhosh N\PycharmProjects\RobotFramework\TestCases\DDT1.robot">
<kw name="OpenMyBrowser" library="Login_resources" type="SETUP">
<kw name="Open Browser" library="SeleniumLibrary">
<arg>${login_url}</arg>
<arg>${browser}</arg>
<doc>Opens a new browser instance to the given ``url``.</doc>
<msg timestamp="20210626 17:51:05.971" level="INFO">Opening browser 'chrome' to base url 'https://admin-demo.nopcommerce.com/login?ReturnUrl=%2Fadmin%2F'.</msg>
<status status="PASS" starttime="20210626 17:51:05.971" endtime="20210626 17:51:08.999"/>
</kw>
<kw name="Maximize Browser Window" library="SeleniumLibrary">
<doc>Maximizes current browser window.</doc>
<status status="PASS" starttime="20210626 17:51:09.000" endtime="20210626 17:51:09.121"/>
</kw>
<status status="PASS" starttime="20210626 17:51:05.970" endtime="20210626 17:51:09.121"/>
</kw>
<test id="s1-s1-t1" name="TC1">
<kw name="Invalid Login">
<arg>admin@yourstore.com</arg>
<arg>${EMPTY}</arg>
<kw name="InputUsername" library="Login_resources">
<arg>${username}</arg>
<kw name="Clear Element Text" library="SeleniumLibrary">
<arg>id:Email</arg>
<doc>Clears the value of text entry element identified by ``locator``.</doc>
<status status="PASS" starttime="20210626 17:51:09.125" endtime="20210626 17:51:09.167"/>
</kw>
<kw name="Input Text" library="SeleniumLibrary">
<arg>id:Email</arg>
<arg>${username}</arg>
<doc>Types the given ``text`` into text field identified by ``locator``.</doc>
<msg timestamp="20210626 17:51:09.168" level="INFO">Typing text 'admin@yourstore.com' into text field 'id:Email'.</msg>
<status status="PASS" starttime="20210626 17:51:09.167" endtime="20210626 17:51:09.243"/>
</kw>
<status status="PASS" starttime="20210626 17:51:09.124" endtime="20210626 17:51:09.244"/>
</kw>
<kw name="InputPassword" library="Login_resources">
<arg>${password}</arg>
<kw name="Clear Element Text" library="SeleniumLibrary">
<arg>id:Password</arg>
<doc>Clears the value of text entry element identified by ``locator``.</doc>
<status status="PASS" starttime="20210626 17:51:09.245" endtime="20210626 17:51:09.288"/>
</kw>
<kw name="Input Text" library="SeleniumLibrary">
<arg>id:Password</arg>
<arg>${password}</arg>
<doc>Types the given ``text`` into text field identified by ``locator``.</doc>
<msg timestamp="20210626 17:51:09.289" level="INFO">Typing text '' into text field 'id:Password'.</msg>
<status status="PASS" starttime="20210626 17:51:09.289" endtime="20210626 17:51:09.341"/>
</kw>
<status status="PASS" starttime="20210626 17:51:09.244" endtime="20210626 17:51:09.341"/>
</kw>
<kw name="ClickLogin" library="Login_resources">
<kw name="Click Element" library="SeleniumLibrary">
<arg>xpath://button[contains(text(),'Log in')]</arg>
<doc>Click element identified by ``locator``.</doc>
<msg timestamp="20210626 17:51:09.343" level="INFO">Clicking element 'xpath://button[contains(text(),'Log in')]'.</msg>
<status status="PASS" starttime="20210626 17:51:09.343" endtime="20210626 17:51:10.893"/>
</kw>
<status status="PASS" starttime="20210626 17:51:09.342" endtime="20210626 17:51:10.893"/>
</kw>
<kw name="Error message should be visible" library="Login_resources">
<kw name="Page Should Contain" library="SeleniumLibrary">
<arg>Login was unsuccessful</arg>
<doc>Verifies that current page contains ``text``.</doc>
<msg timestamp="20210626 17:51:10.914" level="INFO">Current page contains text 'Login was unsuccessful'.</msg>
<status status="PASS" starttime="20210626 17:51:10.894" endtime="20210626 17:51:10.914"/>
</kw>
<status status="PASS" starttime="20210626 17:51:10.894" endtime="20210626 17:51:10.914"/>
</kw>
<status status="PASS" starttime="20210626 17:51:09.122" endtime="20210626 17:51:10.914"/>
</kw>
<status status="PASS" starttime="20210626 17:51:09.121" endtime="20210626 17:51:10.915"/>
</test>
<test id="s1-s1-t2" name="TC2">
<kw name="Invalid Login">
<arg>admin@yourstore.com</arg>
<arg>xyz</arg>
<kw name="InputUsername" library="Login_resources">
<arg>${username}</arg>
<kw name="Clear Element Text" library="SeleniumLibrary">
<arg>id:Email</arg>
<doc>Clears the value of text entry element identified by ``locator``.</doc>
<status status="PASS" starttime="20210626 17:51:10.917" endtime="20210626 17:51:10.944"/>
</kw>
<kw name="Input Text" library="SeleniumLibrary">
<arg>id:Email</arg>
<arg>${username}</arg>
<doc>Types the given ``text`` into text field identified by ``locator``.</doc>
<msg timestamp="20210626 17:51:10.946" level="INFO">Typing text 'admin@yourstore.com' into text field 'id:Email'.</msg>
<status status="PASS" starttime="20210626 17:51:10.945" endtime="20210626 17:51:11.018"/>
</kw>
<status status="PASS" starttime="20210626 17:51:10.917" endtime="20210626 17:51:11.019"/>
</kw>
<kw name="InputPassword" library="Login_resources">
<arg>${password}</arg>
<kw name="Clear Element Text" library="SeleniumLibrary">
<arg>id:Password</arg>
<doc>Clears the value of text entry element identified by ``locator``.</doc>
<status status="PASS" starttime="20210626 17:51:11.020" endtime="20210626 17:51:11.051"/>
</kw>
<kw name="Input Text" library="SeleniumLibrary">
<arg>id:Password</arg>
<arg>${password}</arg>
<doc>Types the given ``text`` into text field identified by ``locator``.</doc>
<msg timestamp="20210626 17:51:11.052" level="INFO">Typing text 'xyz' into text field 'id:Password'.</msg>
<status status="PASS" starttime="20210626 17:51:11.051" endtime="20210626 17:51:11.097"/>
</kw>
<status status="PASS" starttime="20210626 17:51:11.019" endtime="20210626 17:51:11.097"/>
</kw>
<kw name="ClickLogin" library="Login_resources">
<kw name="Click Element" library="SeleniumLibrary">
<arg>xpath://button[contains(text(),'Log in')]</arg>
<doc>Click element identified by ``locator``.</doc>
<msg timestamp="20210626 17:51:11.098" level="INFO">Clicking element 'xpath://button[contains(text(),'Log in')]'.</msg>
<status status="PASS" starttime="20210626 17:51:11.098" endtime="20210626 17:51:12.649"/>
</kw>
<status status="PASS" starttime="20210626 17:51:11.098" endtime="20210626 17:51:12.650"/>
</kw>
<kw name="Error message should be visible" library="Login_resources">
<kw name="Page Should Contain" library="SeleniumLibrary">
<arg>Login was unsuccessful</arg>
<doc>Verifies that current page contains ``text``.</doc>
<msg timestamp="20210626 17:51:12.660" level="INFO">Current page contains text 'Login was unsuccessful'.</msg>
<status status="PASS" starttime="20210626 17:51:12.651" endtime="20210626 17:51:12.662"/>
</kw>
<status status="PASS" starttime="20210626 17:51:12.650" endtime="20210626 17:51:12.663"/>
</kw>
<status status="PASS" starttime="20210626 17:51:10.916" endtime="20210626 17:51:12.664"/>
</kw>
<status status="PASS" starttime="20210626 17:51:10.915" endtime="20210626 17:51:12.665"/>
</test>
<test id="s1-s1-t3" name="TC3">
<kw name="Invalid Login">
<arg>adm@yourstore.com</arg>
<arg>admin</arg>
<kw name="InputUsername" library="Login_resources">
<arg>${username}</arg>
<kw name="Clear Element Text" library="SeleniumLibrary">
<arg>id:Email</arg>
<doc>Clears the value of text entry element identified by ``locator``.</doc>
<status status="PASS" starttime="20210626 17:51:12.667" endtime="20210626 17:51:12.696"/>
</kw>
<kw name="Input Text" library="SeleniumLibrary">
<arg>id:Email</arg>
<arg>${username}</arg>
<doc>Types the given ``text`` into text field identified by ``locator``.</doc>
<msg timestamp="20210626 17:51:12.699" level="INFO">Typing text 'adm@yourstore.com' into text field 'id:Email'.</msg>
<status status="PASS" starttime="20210626 17:51:12.697" endtime="20210626 17:51:12.753"/>
</kw>
<status status="PASS" starttime="20210626 17:51:12.666" endtime="20210626 17:51:12.754"/>
</kw>
<kw name="InputPassword" library="Login_resources">
<arg>${password}</arg>
<kw name="Clear Element Text" library="SeleniumLibrary">
<arg>id:Password</arg>
<doc>Clears the value of text entry element identified by ``locator``.</doc>
<status status="PASS" starttime="20210626 17:51:12.754" endtime="20210626 17:51:12.785"/>
</kw>
<kw name="Input Text" library="SeleniumLibrary">
<arg>id:Password</arg>
<arg>${password}</arg>
<doc>Types the given ``text`` into text field identified by ``locator``.</doc>
<msg timestamp="20210626 17:51:12.786" level="INFO">Typing text 'admin' into text field 'id:Password'.</msg>
<status status="PASS" starttime="20210626 17:51:12.785" endtime="20210626 17:51:12.835"/>
</kw>
<status status="PASS" starttime="20210626 17:51:12.754" endtime="20210626 17:51:12.835"/>
</kw>
<kw name="ClickLogin" library="Login_resources">
<kw name="Click Element" library="SeleniumLibrary">
<arg>xpath://button[contains(text(),'Log in')]</arg>
<doc>Click element identified by ``locator``.</doc>
<msg timestamp="20210626 17:51:12.836" level="INFO">Clicking element 'xpath://button[contains(text(),'Log in')]'.</msg>
<status status="PASS" starttime="20210626 17:51:12.836" endtime="20210626 17:51:14.399"/>
</kw>
<status status="PASS" starttime="20210626 17:51:12.835" endtime="20210626 17:51:14.400"/>
</kw>
<kw name="Error message should be visible" library="Login_resources">
<kw name="Page Should Contain" library="SeleniumLibrary">
<arg>Login was unsuccessful</arg>
<doc>Verifies that current page contains ``text``.</doc>
<msg timestamp="20210626 17:51:14.415" level="INFO">Current page contains text 'Login was unsuccessful'.</msg>
<status status="PASS" starttime="20210626 17:51:14.400" endtime="20210626 17:51:14.415"/>
</kw>
<status status="PASS" starttime="20210626 17:51:14.400" endtime="20210626 17:51:14.416"/>
</kw>
<status status="PASS" starttime="20210626 17:51:12.666" endtime="20210626 17:51:14.416"/>
</kw>
<status status="PASS" starttime="20210626 17:51:12.666" endtime="20210626 17:51:14.416"/>
</test>
<test id="s1-s1-t4" name="TC4">
<kw name="Invalid Login">
<arg>adm@yourstore.com</arg>
<arg>${EMPTY}</arg>
<kw name="InputUsername" library="Login_resources">
<arg>${username}</arg>
<kw name="Clear Element Text" library="SeleniumLibrary">
<arg>id:Email</arg>
<doc>Clears the value of text entry element identified by ``locator``.</doc>
<status status="PASS" starttime="20210626 17:51:14.419" endtime="20210626 17:51:14.451"/>
</kw>
<kw name="Input Text" library="SeleniumLibrary">
<arg>id:Email</arg>
<arg>${username}</arg>
<doc>Types the given ``text`` into text field identified by ``locator``.</doc>
<msg timestamp="20210626 17:51:14.452" level="INFO">Typing text 'adm@yourstore.com' into text field 'id:Email'.</msg>
<status status="PASS" starttime="20210626 17:51:14.451" endtime="20210626 17:51:14.505"/>
</kw>
<status status="PASS" starttime="20210626 17:51:14.419" endtime="20210626 17:51:14.506"/>
</kw>
<kw name="InputPassword" library="Login_resources">
<arg>${password}</arg>
<kw name="Clear Element Text" library="SeleniumLibrary">
<arg>id:Password</arg>
<doc>Clears the value of text entry element identified by ``locator``.</doc>
<status status="PASS" starttime="20210626 17:51:14.506" endtime="20210626 17:51:14.538"/>
</kw>
<kw name="Input Text" library="SeleniumLibrary">
<arg>id:Password</arg>
<arg>${password}</arg>
<doc>Types the given ``text`` into text field identified by ``locator``.</doc>
<msg timestamp="20210626 17:51:14.538" level="INFO">Typing text '' into text field 'id:Password'.</msg>
<status status="PASS" starttime="20210626 17:51:14.538" endtime="20210626 17:51:14.576"/>
</kw>
<status status="PASS" starttime="20210626 17:51:14.506" endtime="20210626 17:51:14.577"/>
</kw>
<kw name="ClickLogin" library="Login_resources">
<kw name="Click Element" library="SeleniumLibrary">
<arg>xpath://button[contains(text(),'Log in')]</arg>
<doc>Click element identified by ``locator``.</doc>
<msg timestamp="20210626 17:51:14.579" level="INFO">Clicking element 'xpath://button[contains(text(),'Log in')]'.</msg>
<status status="PASS" starttime="20210626 17:51:14.578" endtime="20210626 17:51:15.017"/>
</kw>
<status status="PASS" starttime="20210626 17:51:14.578" endtime="20210626 17:51:15.018"/>
</kw>
<kw name="Error message should be visible" library="Login_resources">
<kw name="Page Should Contain" library="SeleniumLibrary">
<arg>Login was unsuccessful</arg>
<doc>Verifies that current page contains ``text``.</doc>
<msg timestamp="20210626 17:51:15.031" level="INFO">Current page contains text 'Login was unsuccessful'.</msg>
<status status="PASS" starttime="20210626 17:51:15.018" endtime="20210626 17:51:15.031"/>
</kw>
<status status="PASS" starttime="20210626 17:51:15.018" endtime="20210626 17:51:15.031"/>
</kw>
<status status="PASS" starttime="20210626 17:51:14.418" endtime="20210626 17:51:15.031"/>
</kw>
<status status="PASS" starttime="20210626 17:51:14.417" endtime="20210626 17:51:15.031"/>
</test>
<kw name="CloseBrowsers" library="Login_resources" type="TEARDOWN">
<kw name="Close All Browsers" library="SeleniumLibrary">
<doc>Closes all open browsers and resets the browser cache.</doc>
<status status="PASS" starttime="20210626 17:51:15.033" endtime="20210626 17:51:17.168"/>
</kw>
<status status="PASS" starttime="20210626 17:51:15.032" endtime="20210626 17:51:17.169"/>
</kw>
<status status="PASS" starttime="20210626 17:51:05.853" endtime="20210626 17:51:17.169"/>
</suite>
<status status="PASS" starttime="20210626 17:51:05.834" endtime="20210626 17:51:17.174"/>
</suite>
<statistics>
<total>
<stat pass="4" fail="0" skip="0">All Tests</stat>
</total>
<tag>
</tag>
<suite>
<stat pass="4" fail="0" skip="0" id="s1" name="Suites">Suites</stat>
<stat pass="4" fail="0" skip="0" id="s1-s1" name="DDT1">Suites.DDT1</stat>
</suite>
</statistics>
<errors>
</errors>
</robot>
