<?xml version="1.0" encoding="UTF-8"?>
<robot generator="Robot 4.0 (Python 3.7.9 on win32)" generated="20210626 17:51:05.821" rpa="false" schemaversion="2">
<suite id="s1" name="Suites">
<suite id="s1-s1" name="DDT2 Excel" source="C:\Users\Santhosh N\PycharmProjects\RobotFramework\TestCases\DDT2_Excel.robot">
<kw name="OpenMyBrowser" library="Login_resources" type="SETUP">
<kw name="Open Browser" library="SeleniumLibrary">
<arg>${login_url}</arg>
<arg>${browser}</arg>
<doc>Opens a new browser instance to the given ``url``.</doc>
<msg timestamp="20210626 17:51:07.394" level="INFO">Opening browser 'chrome' to base url 'https://admin-demo.nopcommerce.com/login?ReturnUrl=%2Fadmin%2F'.</msg>
<status status="PASS" starttime="20210626 17:51:07.393" endtime="20210626 17:51:10.486"/>
</kw>
<kw name="Maximize Browser Window" library="SeleniumLibrary">
<doc>Maximizes current browser window.</doc>
<status status="PASS" starttime="20210626 17:51:10.486" endtime="20210626 17:51:10.616"/>
</kw>
<status status="PASS" starttime="20210626 17:51:07.391" endtime="20210626 17:51:10.616"/>
</kw>
<test id="s1-s1-t1" name="TC1">
<kw name="Invalid Login">
<arg>admin@yourstore.com</arg>
<arg>${EMPTY}</arg>
<kw name="InputUsername" library="Login_resources">
<arg>${username}</arg>
<kw name="Clear Element Text" library="SeleniumLibrary">
<arg>id:Email</arg>
<doc>Clears the value of text entry element identified by ``locator``.</doc>
<status status="PASS" starttime="20210626 17:51:10.621" endtime="20210626 17:51:10.660"/>
</kw>
<kw name="Input Text" library="SeleniumLibrary">
<arg>id:Email</arg>
<arg>${username}</arg>
<doc>Types the given ``text`` into text field identified by ``locator``.</doc>
<msg timestamp="20210626 17:51:10.662" level="INFO">Typing text 'admin@yourstore.com' into text field 'id:Email'.</msg>
<status status="PASS" starttime="20210626 17:51:10.660" endtime="20210626 17:51:10.722"/>
</kw>
<status status="PASS" starttime="20210626 17:51:10.621" endtime="20210626 17:51:10.722"/>
</kw>
<kw name="InputPassword" library="Login_resources">
<arg>${password}</arg>
<kw name="Clear Element Text" library="SeleniumLibrary">
<arg>id:Password</arg>
<doc>Clears the value of text entry element identified by ``locator``.</doc>
<status status="PASS" starttime="20210626 17:51:10.723" endtime="20210626 17:51:10.760"/>
</kw>
<kw name="Input Text" library="SeleniumLibrary">
<arg>id:Password</arg>
<arg>${password}</arg>
<doc>Types the given ``text`` into text field identified by ``locator``.</doc>
<msg timestamp="20210626 17:51:10.761" level="INFO">Typing text '' into text field 'id:Password'.</msg>
<status status="PASS" starttime="20210626 17:51:10.760" endtime="20210626 17:51:10.800"/>
</kw>
<status status="PASS" starttime="20210626 17:51:10.723" endtime="20210626 17:51:10.801"/>
</kw>
<kw name="ClickLogin" library="Login_resources">
<kw name="Click Element" library="SeleniumLibrary">
<arg>xpath://button[contains(text(),'Log in')]</arg>
<doc>Click element identified by ``locator``.</doc>
<msg timestamp="20210626 17:51:10.802" level="INFO">Clicking element 'xpath://button[contains(text(),'Log in')]'.</msg>
<status status="PASS" starttime="20210626 17:51:10.802" endtime="20210626 17:51:12.350"/>
</kw>
<status status="PASS" starttime="20210626 17:51:10.801" endtime="20210626 17:51:12.350"/>
</kw>
<kw name="Error message should be visible" library="Login_resources">
<kw name="Page Should Contain" library="SeleniumLibrary">
<arg>Login was unsuccessful</arg>
<doc>Verifies that current page contains ``text``.</doc>
<msg timestamp="20210626 17:51:12.367" level="INFO">Current page contains text 'Login was unsuccessful'.</msg>
<status status="PASS" starttime="20210626 17:51:12.351" endtime="20210626 17:51:12.367"/>
</kw>
<status status="PASS" starttime="20210626 17:51:12.350" endtime="20210626 17:51:12.367"/>
</kw>
<status status="PASS" starttime="20210626 17:51:10.619" endtime="20210626 17:51:12.367"/>
</kw>
<status status="PASS" starttime="20210626 17:51:10.617" endtime="20210626 17:51:12.367"/>
</test>
<test id="s1-s1-t2" name="TC1">
<kw name="Invalid Login">
<arg>admin123@yourstore.com</arg>
<arg>xyz</arg>
<kw name="InputUsername" library="Login_resources">
<arg>${username}</arg>
<kw name="Clear Element Text" library="SeleniumLibrary">
<arg>id:Email</arg>
<doc>Clears the value of text entry element identified by ``locator``.</doc>
<status status="PASS" starttime="20210626 17:51:12.371" endtime="20210626 17:51:12.400"/>
</kw>
<kw name="Input Text" library="SeleniumLibrary">
<arg>id:Email</arg>
<arg>${username}</arg>
<doc>Types the given ``text`` into text field identified by ``locator``.</doc>
<msg timestamp="20210626 17:51:12.401" level="INFO">Typing text 'admin123@yourstore.com' into text field 'id:Email'.</msg>
<status status="PASS" starttime="20210626 17:51:12.400" endtime="20210626 17:51:12.454"/>
</kw>
<status status="PASS" starttime="20210626 17:51:12.370" endtime="20210626 17:51:12.455"/>
</kw>
<kw name="InputPassword" library="Login_resources">
<arg>${password}</arg>
<kw name="Clear Element Text" library="SeleniumLibrary">
<arg>id:Password</arg>
<doc>Clears the value of text entry element identified by ``locator``.</doc>
<status status="PASS" starttime="20210626 17:51:12.455" endtime="20210626 17:51:12.482"/>
</kw>
<kw name="Input Text" library="SeleniumLibrary">
<arg>id:Password</arg>
<arg>${password}</arg>
<doc>Types the given ``text`` into text field identified by ``locator``.</doc>
<msg timestamp="20210626 17:51:12.483" level="INFO">Typing text 'xyz' into text field 'id:Password'.</msg>
<status status="PASS" starttime="20210626 17:51:12.482" endtime="20210626 17:51:12.524"/>
</kw>
<status status="PASS" starttime="20210626 17:51:12.455" endtime="20210626 17:51:12.525"/>
</kw>
<kw name="ClickLogin" library="Login_resources">
<kw name="Click Element" library="SeleniumLibrary">
<arg>xpath://button[contains(text(),'Log in')]</arg>
<doc>Click element identified by ``locator``.</doc>
<msg timestamp="20210626 17:51:12.526" level="INFO">Clicking element 'xpath://button[contains(text(),'Log in')]'.</msg>
<status status="PASS" starttime="20210626 17:51:12.525" endtime="20210626 17:51:14.092"/>
</kw>
<status status="PASS" starttime="20210626 17:51:12.525" endtime="20210626 17:51:14.093"/>
</kw>
<kw name="Error message should be visible" library="Login_resources">
<kw name="Page Should Contain" library="SeleniumLibrary">
<arg>Login was unsuccessful</arg>
<doc>Verifies that current page contains ``text``.</doc>
<msg timestamp="20210626 17:51:14.107" level="INFO">Current page contains text 'Login was unsuccessful'.</msg>
<status status="PASS" starttime="20210626 17:51:14.095" endtime="20210626 17:51:14.107"/>
</kw>
<status status="PASS" starttime="20210626 17:51:14.093" endtime="20210626 17:51:14.107"/>
</kw>
<status status="PASS" starttime="20210626 17:51:12.370" endtime="20210626 17:51:14.107"/>
</kw>
<status status="PASS" starttime="20210626 17:51:12.369" endtime="20210626 17:51:14.108"/>
</test>
<test id="s1-s1-t3" name="TC1">
<kw name="Invalid Login">
<arg>adm@yourstore.com</arg>
<arg>admin</arg>
<kw name="InputUsername" library="Login_resources">
<arg>${username}</arg>
<kw name="Clear Element Text" library="SeleniumLibrary">
<arg>id:Email</arg>
<doc>Clears the value of text entry element identified by ``locator``.</doc>
<status status="PASS" starttime="20210626 17:51:14.115" endtime="20210626 17:51:14.143"/>
</kw>
<kw name="Input Text" library="SeleniumLibrary">
<arg>id:Email</arg>
<arg>${username}</arg>
<doc>Types the given ``text`` into text field identified by ``locator``.</doc>
<msg timestamp="20210626 17:51:14.145" level="INFO">Typing text 'adm@yourstore.com' into text field 'id:Email'.</msg>
<status status="PASS" starttime="20210626 17:51:14.144" endtime="20210626 17:51:14.196"/>
</kw>
<status status="PASS" starttime="20210626 17:51:14.114" endtime="20210626 17:51:14.197"/>
</kw>
<kw name="InputPassword" library="Login_resources">
<arg>${password}</arg>
<kw name="Clear Element Text" library="SeleniumLibrary">
<arg>id:Password</arg>
<doc>Clears the value of text entry element identified by ``locator``.</doc>
<status status="PASS" starttime="20210626 17:51:14.197" endtime="20210626 17:51:14.226"/>
</kw>
<kw name="Input Text" library="SeleniumLibrary">
<arg>id:Password</arg>
<arg>${password}</arg>
<doc>Types the given ``text`` into text field identified by ``locator``.</doc>
<msg timestamp="20210626 17:51:14.227" level="INFO">Typing text 'admin' into text field 'id:Password'.</msg>
<status status="PASS" starttime="20210626 17:51:14.226" endtime="20210626 17:51:14.268"/>
</kw>
<status status="PASS" starttime="20210626 17:51:14.197" endtime="20210626 17:51:14.268"/>
</kw>
<kw name="ClickLogin" library="Login_resources">
<kw name="Click Element" library="SeleniumLibrary">
<arg>xpath://button[contains(text(),'Log in')]</arg>
<doc>Click element identified by ``locator``.</doc>
<msg timestamp="20210626 17:51:14.269" level="INFO">Clicking element 'xpath://button[contains(text(),'Log in')]'.</msg>
<status status="PASS" starttime="20210626 17:51:14.269" endtime="20210626 17:51:15.800"/>
</kw>
<status status="PASS" starttime="20210626 17:51:14.269" endtime="20210626 17:51:15.800"/>
</kw>
<kw name="Error message should be visible" library="Login_resources">
<kw name="Page Should Contain" library="SeleniumLibrary">
<arg>Login was unsuccessful</arg>
<doc>Verifies that current page contains ``text``.</doc>
<msg timestamp="20210626 17:51:15.807" level="INFO">Current page contains text 'Login was unsuccessful'.</msg>
<status status="PASS" starttime="20210626 17:51:15.801" endtime="20210626 17:51:15.807"/>
</kw>
<status status="PASS" starttime="20210626 17:51:15.800" endtime="20210626 17:51:15.807"/>
</kw>
<status status="PASS" starttime="20210626 17:51:14.113" endtime="20210626 17:51:15.808"/>
</kw>
<status status="PASS" starttime="20210626 17:51:14.109" endtime="20210626 17:51:15.808"/>
</test>
<test id="s1-s1-t4" name="TC1">
<kw name="Invalid Login">
<arg>admin@yourstore.com</arg>
<arg>${EMPTY}</arg>
<kw name="InputUsername" library="Login_resources">
<arg>${username}</arg>
<kw name="Clear Element Text" library="SeleniumLibrary">
<arg>id:Email</arg>
<doc>Clears the value of text entry element identified by ``locator``.</doc>
<status status="PASS" starttime="20210626 17:51:15.815" endtime="20210626 17:51:15.844"/>
</kw>
<kw name="Input Text" library="SeleniumLibrary">
<arg>id:Email</arg>
<arg>${username}</arg>
<doc>Types the given ``text`` into text field identified by ``locator``.</doc>
<msg timestamp="20210626 17:51:15.845" level="INFO">Typing text 'admin@yourstore.com' into text field 'id:Email'.</msg>
<status status="PASS" starttime="20210626 17:51:15.844" endtime="20210626 17:51:15.894"/>
</kw>
<status status="PASS" starttime="20210626 17:51:15.814" endtime="20210626 17:51:15.895"/>
</kw>
<kw name="InputPassword" library="Login_resources">
<arg>${password}</arg>
<kw name="Clear Element Text" library="SeleniumLibrary">
<arg>id:Password</arg>
<doc>Clears the value of text entry element identified by ``locator``.</doc>
<status status="PASS" starttime="20210626 17:51:15.896" endtime="20210626 17:51:15.923"/>
</kw>
<kw name="Input Text" library="SeleniumLibrary">
<arg>id:Password</arg>
<arg>${password}</arg>
<doc>Types the given ``text`` into text field identified by ``locator``.</doc>
<msg timestamp="20210626 17:51:15.923" level="INFO">Typing text '' into text field 'id:Password'.</msg>
<status status="PASS" starttime="20210626 17:51:15.923" endtime="20210626 17:51:15.958"/>
</kw>
<status status="PASS" starttime="20210626 17:51:15.895" endtime="20210626 17:51:15.958"/>
</kw>
<kw name="ClickLogin" library="Login_resources">
<kw name="Click Element" library="SeleniumLibrary">
<arg>xpath://button[contains(text(),'Log in')]</arg>
<doc>Click element identified by ``locator``.</doc>
<msg timestamp="20210626 17:51:15.960" level="INFO">Clicking element 'xpath://button[contains(text(),'Log in')]'.</msg>
<status status="PASS" starttime="20210626 17:51:15.960" endtime="20210626 17:51:16.383"/>
</kw>
<status status="PASS" starttime="20210626 17:51:15.958" endtime="20210626 17:51:16.383"/>
</kw>
<kw name="Error message should be visible" library="Login_resources">
<kw name="Page Should Contain" library="SeleniumLibrary">
<arg>Login was unsuccessful</arg>
<doc>Verifies that current page contains ``text``.</doc>
<msg timestamp="20210626 17:51:16.391" level="INFO">Current page contains text 'Login was unsuccessful'.</msg>
<status status="PASS" starttime="20210626 17:51:16.383" endtime="20210626 17:51:16.391"/>
</kw>
<status status="PASS" starttime="20210626 17:51:16.383" endtime="20210626 17:51:16.391"/>
</kw>
<status status="PASS" starttime="20210626 17:51:15.811" endtime="20210626 17:51:16.391"/>
</kw>
<status status="PASS" starttime="20210626 17:51:15.808" endtime="20210626 17:51:16.392"/>
</test>
<kw name="CloseBrowsers" library="Login_resources" type="TEARDOWN">
<kw name="Close All Browsers" library="SeleniumLibrary">
<doc>Closes all open browsers and resets the browser cache.</doc>
<status status="PASS" starttime="20210626 17:51:16.395" endtime="20210626 17:51:18.524"/>
</kw>
<status status="PASS" starttime="20210626 17:51:16.394" endtime="20210626 17:51:18.525"/>
</kw>
<status status="PASS" starttime="20210626 17:51:05.849" endtime="20210626 17:51:18.525"/>
</suite>
<status status="PASS" starttime="20210626 17:51:05.828" endtime="20210626 17:51:18.529"/>
</suite>
<statistics>
<total>
<stat pass="4" fail="0" skip="0">All Tests</stat>
</total>
<tag>
</tag>
<suite>
<stat pass="4" fail="0" skip="0" id="s1" name="Suites">Suites</stat>
<stat pass="4" fail="0" skip="0" id="s1-s1" name="DDT2 Excel">Suites.DDT2 Excel</stat>
</suite>
</statistics>
<errors>
<msg timestamp="20210626 17:51:12.369" level="WARN">Multiple test cases with name 'TC1' executed in test suite 'Suites.DDT2 Excel'.</msg>
<msg timestamp="20210626 17:51:14.109" level="WARN">Multiple test cases with name 'TC1' executed in test suite 'Suites.DDT2 Excel'.</msg>
<msg timestamp="20210626 17:51:15.808" level="WARN">Multiple test cases with name 'TC1' executed in test suite 'Suites.DDT2 Excel'.</msg>
</errors>
</robot>
